<?xml version="1.0" encoding="UTF-8"?>
<testsuite name="ch.zhaw.pm.fe.controller.FrontControllerStubTest" time="0.556" tests="8" errors="0" skipped="0" failures="0">
  <properties>
[...]
</properties>
  <testcase name="stage1_Welcome" classname="ch.zhaw.pm.fe.controller.FrontControllerStubTest" time="0.305"/>
  <testcase name="stage2_testInitialSpotSelection" classname="ch.zhaw.pm.fe.controller.FrontControllerStubTest" time="0.016"/>
  <testcase name="stage3_testUnknowCommand" classname="ch.zhaw.pm.fe.controller.FrontControllerStubTest" time="0.056"/>
  <testcase name="stage4_testWrongSpotSelection" classname="ch.zhaw.pm.fe.controller.FrontControllerStubTest" time="0.031"/>
  <testcase name="stage5_testCorrectSpotSelection" classname="ch.zhaw.pm.fe.controller.FrontControllerStubTest" time="0.031"/>
  <testcase name="stage6_testWrongCoinInsert" classname="ch.zhaw.pm.fe.controller.FrontControllerStubTest" time="0.032"/>
  <testcase name="stage7_testCorrectCoinInsert" classname="ch.zhaw.pm.fe.controller.FrontControllerStubTest" time="0.038"/>
  <testcase name="stage8_testMaxParkingTime" classname="ch.zhaw.pm.fe.controller.FrontControllerStubTest" time="0.047"/>
</testsuite>